<?xml version="1.0" encoding="UTF-8"?>
<testsuite name="RequestTest" tests="1" skipped="0" failures="0" errors="0" timestamp="2022-01-18T22:02:09" hostname="Ephies-MacBook-Pro-2.local" time="0.025">
  <properties/>
  <testcase name="RequestDataIsRead()" classname="RequestTest" time="0.025"/>
  <system-out><![CDATA[]]></system-out>
  <system-err><![CDATA[]]></system-err>
</testsuite>
