<?xml version="1.0" encoding="UTF-8"?>
<testsuite name="RequestParserTest" tests="1" skipped="0" failures="0" errors="0" timestamp="2022-01-24T15:01:33" hostname="Ephies-MacBook-Pro-2.local" time="0.028">
  <properties/>
  <testcase name="returnRequestType()" classname="RequestParserTest" time="0.028"/>
  <system-out><![CDATA[GET / HTTP/1.1
]]></system-out>
  <system-err><![CDATA[]]></system-err>
</testsuite>
